<?xml version="1.0" encoding="UTF-8"?>
<coverage generated="1708460965678" clover="3.2.0">
  <project timestamp="1708460965678" name="All files">
    <metrics statements="25" coveredstatements="18" conditionals="4" coveredconditionals="2" methods="3" coveredmethods="3" elements="32" coveredelements="23" complexity="0" loc="25" ncloc="25" packages="1" files="1" classes="1"/>
    <file name="serverAPIcalls.js" path="/Users/victoriamthacker/Desktop/SE691/capstone/server/__tests__/serverAPIcalls.js">
      <metrics statements="25" coveredstatements="18" conditionals="4" coveredconditionals="2" methods="3" coveredmethods="3"/>
      <line num="1" count="1" type="stmt"/>
      <line num="4" count="1" type="stmt"/>
      <line num="5" count="1" type="stmt"/>
      <line num="6" count="1" type="stmt"/>
      <line num="12" count="1" type="cond" truecount="1" falsecount="1"/>
      <line num="13" count="0" type="stmt"/>
      <line num="15" count="1" type="stmt"/>
      <line num="16" count="1" type="stmt"/>
      <line num="18" count="0" type="stmt"/>
      <line num="19" count="0" type="stmt"/>
      <line num="24" count="5" type="stmt"/>
      <line num="25" count="5" type="stmt"/>
      <line num="26" count="5" type="stmt"/>
      <line num="32" count="5" type="cond" truecount="1" falsecount="1"/>
      <line num="33" count="0" type="stmt"/>
      <line num="35" count="5" type="stmt"/>
      <line num="36" count="5" type="stmt"/>
      <line num="38" count="0" type="stmt"/>
      <line num="39" count="0" type="stmt"/>
      <line num="46" count="1" type="stmt"/>
      <line num="47" count="1" type="stmt"/>
      <line num="53" count="1" type="stmt"/>
      <line num="56" count="0" type="stmt"/>
      <line num="58" count="1" type="stmt"/>
      <line num="61" count="1" type="stmt"/>
    </file>
  </project>
</coverage>
