TN:
SF:serverAPIcalls.js
FN:3,GETclearDatabase
FN:23,GETverificationCode
FN:43,GETrequestInfoForPasswordReset
FNF:3
FNH:3
FNDA:1,GETclearDatabase
FNDA:5,GETverificationCode
FNDA:1,GETrequestInfoForPasswordReset
DA:1,1
DA:4,1
DA:5,1
DA:6,1
DA:12,1
DA:13,0
DA:15,1
DA:16,1
DA:18,0
DA:19,0
DA:24,5
DA:25,5
DA:26,5
DA:32,5
DA:33,0
DA:35,5
DA:36,5
DA:38,0
DA:39,0
DA:46,1
DA:47,1
DA:53,1
DA:56,0
DA:58,1
DA:61,1
LF:25
LH:18
BRDA:12,0,0,0
BRDA:12,0,1,1
BRDA:32,1,0,0
BRDA:32,1,1,5
BRF:4
BRH:2
end_of_record
